<?xml version="1.0" encoding="UTF-8"?>
<testng-results skipped="0" failed="0" total="1" passed="1">
  <reporter-output>
  </reporter-output>
  <suite name="Default suite" duration-ms="9146" started-at="2018-08-02T13:02:23Z" finished-at="2018-08-02T13:02:32Z">
    <groups>
    </groups>
    <test name="Default test" duration-ms="9146" started-at="2018-08-02T13:02:23Z" finished-at="2018-08-02T13:02:32Z">
      <class name="test.automation.ValidationTab3Test">
        <test-method status="PASS" signature="intializa()[pri:0, instance:test.automation.ValidationTab3Test@66a3ffec]" name="intializa" is-config="true" duration-ms="2405" started-at="2018-08-02T16:02:23Z" finished-at="2018-08-02T16:02:25Z">
          <reporter-output>
          </reporter-output>
        </test-method> <!-- intializa -->
        <test-method status="PASS" signature="validTextTab3Test()[pri:0, instance:test.automation.ValidationTab3Test@66a3ffec]" name="validTextTab3Test" duration-ms="6083" started-at="2018-08-02T16:02:25Z" finished-at="2018-08-02T16:02:31Z">
          <reporter-output>
          </reporter-output>
        </test-method> <!-- validTextTab3Test -->
        <test-method status="PASS" signature="tearDown()[pri:0, instance:test.automation.ValidationTab3Test@66a3ffec]" name="tearDown" is-config="true" duration-ms="658" started-at="2018-08-02T16:02:31Z" finished-at="2018-08-02T16:02:32Z">
          <reporter-output>
          </reporter-output>
        </test-method> <!-- tearDown -->
      </class> <!-- test.automation.ValidationTab3Test -->
    </test> <!-- Default test -->
  </suite> <!-- Default suite -->
</testng-results>
